# JRE version: Java(TM) SE Runtime Environment (8.0_60-b27) (build 1.8.0_60-b27)
# Java VM: Java HotSpot(TM) 64-Bit Server VM (25.60-b23 mixed mode bsd-amd64 compressed oops)
Heap:
 PSYoungGen      total 102912K, used 91212K [0x00000007aab00000, 0x00000007b2a80000, 0x00000007c0000000)
  eden space 92672K, 87% used [0x00000007aab00000,0x00000007afa17208,0x00000007b0580000)
  from space 10240K, 99% used [0x00000007b1280000,0x00000007b1c7beb0,0x00000007b1c80000)
  to   space 13312K, 0% used [0x00000007b0580000,0x00000007b0580000,0x00000007b1280000)
 ParOldGen       total 100864K, used 24327K [0x0000000780000000, 0x0000000786280000, 0x00000007aab00000)
  object space 100864K, 24% used [0x0000000780000000,0x00000007817c1d28,0x0000000786280000)
 Metaspace       used 45941K, capacity 46924K, committed 47104K, reserved 1089536K
  class space    used 6318K, capacity 6616K, committed 6656K, reserved 1048576K
GC Heap History (10 events):
Event: 14.232 GC heap before
{Heap before GC invocations=12 (full 1):
 PSYoungGen      total 76288K, used 51822K [0x00000007aab00000, 0x00000007b0080000, 0x00000007c0000000)
  eden space 66560K, 68% used [0x00000007aab00000,0x00000007ad768010,0x00000007aec00000)
  from space 9728K, 65% used [0x00000007af580000,0x00000007afbb38e0,0x00000007aff00000)
  to   space 9728K, 0% used [0x00000007aec00000,0x00000007aec00000,0x00000007af580000)
 ParOldGen       total 59904K, used 10100K [0x0000000780000000, 0x0000000783a80000, 0x00000007aab00000)
  object space 59904K, 16% used [0x0000000780000000,0x00000007809dd128,0x0000000783a80000)
 Metaspace       used 34611K, capacity 35270K, committed 35456K, reserved 1079296K
  class space    used 4738K, capacity 4913K, committed 4992K, reserved 1048576K
Event: 14.249 GC heap after
Heap after GC invocations=12 (full 1):
 PSYoungGen      total 76288K, used 8074K [0x00000007aab00000, 0x00000007b1880000, 0x00000007c0000000)
  eden space 66560K, 0% used [0x00000007aab00000,0x00000007aab00000,0x00000007aec00000)
  from space 9728K, 82% used [0x00000007aec00000,0x00000007af3e2820,0x00000007af580000)
  to   space 10240K, 0% used [0x00000007b0e80000,0x00000007b0e80000,0x00000007b1880000)
 ParOldGen       total 59904K, used 12468K [0x0000000780000000, 0x0000000783a80000, 0x00000007aab00000)
  object space 59904K, 20% used [0x0000000780000000,0x0000000780c2d178,0x0000000783a80000)
 Metaspace       used 34611K, capacity 35270K, committed 35456K, reserved 1079296K
  class space    used 4738K, capacity 4913K, committed 4992K, reserved 1048576K
}
Event: 14.249 GC heap before
{Heap before GC invocations=13 (full 2):
 PSYoungGen      total 76288K, used 8074K [0x00000007aab00000, 0x00000007b1880000, 0x00000007c0000000)
  eden space 66560K, 0% used [0x00000007aab00000,0x00000007aab00000,0x00000007aec00000)
  from space 9728K, 82% used [0x00000007aec00000,0x00000007af3e2820,0x00000007af580000)
  to   space 10240K, 0% used [0x00000007b0e80000,0x00000007b0e80000,0x00000007b1880000)
 ParOldGen       total 59904K, used 12468K [0x0000000780000000, 0x0000000783a80000, 0x00000007aab00000)
  object space 59904K, 20% used [0x0000000780000000,0x0000000780c2d178,0x0000000783a80000)
 Metaspace       used 34611K, capacity 35270K, committed 35456K, reserved 1079296K
  class space    used 4738K, capacity 4913K, committed 4992K, reserved 1048576K
Event: 14.438 GC heap after
Heap after GC invocations=13 (full 2):
 PSYoungGen      total 76288K, used 0K [0x00000007aab00000, 0x00000007b1880000, 0x00000007c0000000)
  eden space 66560K, 0% used [0x00000007aab00000,0x00000007aab00000,0x00000007aec00000)
  from space 9728K, 0% used [0x00000007aec00000,0x00000007aec00000,0x00000007af580000)
  to   space 10240K, 0% used [0x00000007b0e80000,0x00000007b0e80000,0x00000007b1880000)
 ParOldGen       total 100864K, used 19781K [0x0000000780000000, 0x0000000786280000, 0x00000007aab00000)
  object space 100864K, 19% used [0x0000000780000000,0x00000007813515e0,0x0000000786280000)
 Metaspace       used 34611K, capacity 35270K, committed 35456K, reserved 1079296K
  class space    used 4738K, capacity 4913K, committed 4992K, reserved 1048576K
}
Event: 15.824 GC heap before
{Heap before GC invocations=14 (full 2):
 PSYoungGen      total 76288K, used 66560K [0x00000007aab00000, 0x00000007b1880000, 0x00000007c0000000)
  eden space 66560K, 100% used [0x00000007aab00000,0x00000007aec00000,0x00000007aec00000)
  from space 9728K, 0% used [0x00000007aec00000,0x00000007aec00000,0x00000007af580000)
  to   space 10240K, 0% used [0x00000007b0e80000,0x00000007b0e80000,0x00000007b1880000)
 ParOldGen       total 100864K, used 19781K [0x0000000780000000, 0x0000000786280000, 0x00000007aab00000)
  object space 100864K, 19% used [0x0000000780000000,0x00000007813515e0,0x0000000786280000)
 Metaspace       used 37481K, capacity 38256K, committed 38656K, reserved 1083392K
  class space    used 5078K, capacity 5288K, committed 5376K, reserved 1048576K
Event: 15.828 GC heap after
Heap after GC invocations=14 (full 2):
 PSYoungGen      total 85504K, used 4836K [0x00000007aab00000, 0x00000007b1380000, 0x00000007c0000000)
  eden space 80384K, 0% used [0x00000007aab00000,0x00000007aab00000,0x00000007af980000)
  from space 5120K, 94% used [0x00000007b0e80000,0x00000007b1339130,0x00000007b1380000)
  to   space 10240K, 0% used [0x00000007aff80000,0x00000007aff80000,0x00000007b0980000)
 ParOldGen       total 100864K, used 19789K [0x0000000780000000, 0x0000000786280000, 0x00000007aab00000)
  object space 100864K, 19% used [0x0000000780000000,0x00000007813535e0,0x0000000786280000)
 Metaspace       used 37481K, capacity 38256K, committed 38656K, reserved 1083392K
  class space    used 5078K, capacity 5288K, committed 5376K, reserved 1048576K
}
Event: 17.903 GC heap before
{Heap before GC invocations=15 (full 2):
 PSYoungGen      total 85504K, used 85220K [0x00000007aab00000, 0x00000007b1380000, 0x00000007c0000000)
  eden space 80384K, 100% used [0x00000007aab00000,0x00000007af980000,0x00000007af980000)
  from space 5120K, 94% used [0x00000007b0e80000,0x00000007b1339130,0x00000007b1380000)
  to   space 10240K, 0% used [0x00000007aff80000,0x00000007aff80000,0x00000007b0980000)
 ParOldGen       total 100864K, used 19789K [0x0000000780000000, 0x0000000786280000, 0x00000007aab00000)
  object space 100864K, 19% used [0x0000000780000000,0x00000007813535e0,0x0000000786280000)
 Metaspace       used 38981K, capacity 39688K, committed 40064K, reserved 1083392K
  class space    used 5272K, capacity 5420K, committed 5504K, reserved 1048576K
Event: 17.911 GC heap after
Heap after GC invocations=15 (full 2):
 PSYoungGen      total 96768K, used 7926K [0x00000007aab00000, 0x00000007b1c80000, 0x00000007c0000000)
  eden space 86528K, 0% used [0x00000007aab00000,0x00000007aab00000,0x00000007aff80000)
  from space 10240K, 77% used [0x00000007aff80000,0x00000007b073d850,0x00000007b0980000)
  to   space 10240K, 0% used [0x00000007b1280000,0x00000007b1280000,0x00000007b1c80000)
 ParOldGen       total 100864K, used 19797K [0x0000000780000000, 0x0000000786280000, 0x00000007aab00000)
  object space 100864K, 19% used [0x0000000780000000,0x00000007813555e0,0x0000000786280000)
 Metaspace       used 38981K, capacity 39688K, committed 40064K, reserved 1083392K
  class space    used 5272K, capacity 5420K, committed 5504K, reserved 1048576K
}
Event: 19.509 GC heap before
{Heap before GC invocations=16 (full 2):
 PSYoungGen      total 96768K, used 94454K [0x00000007aab00000, 0x00000007b1c80000, 0x00000007c0000000)
  eden space 86528K, 100% used [0x00000007aab00000,0x00000007aff80000,0x00000007aff80000)
  from space 10240K, 77% used [0x00000007aff80000,0x00000007b073d850,0x00000007b0980000)
  to   space 10240K, 0% used [0x00000007b1280000,0x00000007b1280000,0x00000007b1c80000)
 ParOldGen       total 100864K, used 19797K [0x0000000780000000, 0x0000000786280000, 0x00000007aab00000)
  object space 100864K, 19% used [0x0000000780000000,0x00000007813555e0,0x0000000786280000)
 Metaspace       used 42180K, capacity 43020K, committed 43136K, reserved 1087488K
  class space    used 5816K, capacity 6002K, committed 6016K, reserved 1048576K
Event: 19.529 GC heap after
Heap after GC invocations=16 (full 2):
 PSYoungGen      total 102912K, used 10223K [0x00000007aab00000, 0x00000007b2a80000, 0x00000007c0000000)
  eden space 92672K, 0% used [0x00000007aab00000,0x00000007aab00000,0x00000007b0580000)
  from space 10240K, 99% used [0x00000007b1280000,0x00000007b1c7beb0,0x00000007b1c80000)
  to   space 13312K, 0% used [0x00000007b0580000,0x00000007b0580000,0x00000007b1280000)
 ParOldGen       total 100864K, used 24327K [0x0000000780000000, 0x0000000786280000, 0x00000007aab00000)
  object space 100864K, 24% used [0x0000000780000000,0x00000007817c1d28,0x0000000786280000)
 Metaspace       used 42180K, capacity 43020K, committed 43136K, reserved 1087488K
  class space    used 5816K, capacity 6002K, committed 6016K, reserved 1048576K
}

