# JRE version: Java(TM) SE Runtime Environment (8.0_60-b27) (build 1.8.0_60-b27)
# Java VM: Java HotSpot(TM) 64-Bit Server VM (25.60-b23 mixed mode bsd-amd64 compressed oops)
Heap:
 PSYoungGen      total 125952K, used 125590K [0x00000007aab00000, 0x00000007b3480000, 0x00000007c0000000)
  eden space 118784K, 100% used [0x00000007aab00000,0x00000007b1f00000,0x00000007b1f00000)
  from space 7168K, 94% used [0x00000007b2d80000,0x00000007b34259b8,0x00000007b3480000)
  to   space 10752K, 73% used [0x00000007b1f80000,0x00000007b2741a70,0x00000007b2a00000)
 ParOldGen       total 97792K, used 47706K [0x0000000780000000, 0x0000000785f80000, 0x00000007aab00000)
  object space 97792K, 48% used [0x0000000780000000,0x0000000782e96968,0x0000000785f80000)
 Metaspace       used 71603K, capacity 78042K, committed 78464K, reserved 1118208K
  class space    used 9210K, capacity 9889K, committed 10112K, reserved 1048576K
GC Heap History (10 events):
Event: 30317.020 GC heap after
Heap after GC invocations=172 (full 35):
 PSYoungGen      total 137216K, used 6534K [0x00000007aab00000, 0x00000007b3c80000, 0x00000007c0000000)
  eden space 125440K, 0% used [0x00000007aab00000,0x00000007aab00000,0x00000007b2580000)
  from space 11776K, 55% used [0x00000007b2580000,0x00000007b2be18a8,0x00000007b3100000)
  to   space 11776K, 0% used [0x00000007b3100000,0x00000007b3100000,0x00000007b3c80000)
 ParOldGen       total 97792K, used 50034K [0x0000000780000000, 0x0000000785f80000, 0x00000007aab00000)
  object space 97792K, 51% used [0x0000000780000000,0x00000007830dcbc0,0x0000000785f80000)
 Metaspace       used 71455K, capacity 77802K, committed 78208K, reserved 1118208K
  class space    used 9194K, capacity 9873K, committed 10112K, reserved 1048576K
}
Event: 30317.020 GC heap before
{Heap before GC invocations=173 (full 36):
 PSYoungGen      total 137216K, used 6534K [0x00000007aab00000, 0x00000007b3c80000, 0x00000007c0000000)
  eden space 125440K, 0% used [0x00000007aab00000,0x00000007aab00000,0x00000007b2580000)
  from space 11776K, 55% used [0x00000007b2580000,0x00000007b2be18a8,0x00000007b3100000)
  to   space 11776K, 0% used [0x00000007b3100000,0x00000007b3100000,0x00000007b3c80000)
 ParOldGen       total 97792K, used 50034K [0x0000000780000000, 0x0000000785f80000, 0x00000007aab00000)
  object space 97792K, 51% used [0x0000000780000000,0x00000007830dcbc0,0x0000000785f80000)
 Metaspace       used 71455K, capacity 77802K, committed 78208K, reserved 1118208K
  class space    used 9194K, capacity 9873K, committed 10112K, reserved 1048576K
Event: 30317.197 GC heap after
Heap after GC invocations=173 (full 36):
 PSYoungGen      total 137216K, used 0K [0x00000007aab00000, 0x00000007b3c80000, 0x00000007c0000000)
  eden space 125440K, 0% used [0x00000007aab00000,0x00000007aab00000,0x00000007b2580000)
  from space 11776K, 0% used [0x00000007b2580000,0x00000007b2580000,0x00000007b3100000)
  to   space 11776K, 0% used [0x00000007b3100000,0x00000007b3100000,0x00000007b3c80000)
 ParOldGen       total 97792K, used 47690K [0x0000000780000000, 0x0000000785f80000, 0x00000007aab00000)
  object space 97792K, 48% used [0x0000000780000000,0x0000000782e92968,0x0000000785f80000)
 Metaspace       used 71455K, capacity 77802K, committed 78208K, reserved 1118208K
  class space    used 9194K, capacity 9873K, committed 10112K, reserved 1048576K
}
Event: 30429.933 GC heap before
{Heap before GC invocations=174 (full 36):
 PSYoungGen      total 137216K, used 125440K [0x00000007aab00000, 0x00000007b3c80000, 0x00000007c0000000)
  eden space 125440K, 100% used [0x00000007aab00000,0x00000007b2580000,0x00000007b2580000)
  from space 11776K, 0% used [0x00000007b2580000,0x00000007b2580000,0x00000007b3100000)
  to   space 11776K, 0% used [0x00000007b3100000,0x00000007b3100000,0x00000007b3c80000)
 ParOldGen       total 97792K, used 47690K [0x0000000780000000, 0x0000000785f80000, 0x00000007aab00000)
  object space 97792K, 48% used [0x0000000780000000,0x0000000782e92968,0x0000000785f80000)
 Metaspace       used 71501K, capacity 77890K, committed 78208K, reserved 1118208K
  class space    used 9202K, capacity 9881K, committed 10112K, reserved 1048576K
Event: 30429.938 GC heap after
Heap after GC invocations=174 (full 36):
 PSYoungGen      total 137728K, used 6518K [0x00000007aab00000, 0x00000007b3e00000, 0x00000007c0000000)
  eden space 125952K, 0% used [0x00000007aab00000,0x00000007aab00000,0x00000007b2600000)
  from space 11776K, 55% used [0x00000007b3100000,0x00000007b375db80,0x00000007b3c80000)
  to   space 11264K, 0% used [0x00000007b2600000,0x00000007b2600000,0x00000007b3100000)
 ParOldGen       total 97792K, used 47698K [0x0000000780000000, 0x0000000785f80000, 0x00000007aab00000)
  object space 97792K, 48% used [0x0000000780000000,0x0000000782e94968,0x0000000785f80000)
 Metaspace       used 71501K, capacity 77890K, committed 78208K, reserved 1118208K
  class space    used 9202K, capacity 9881K, committed 10112K, reserved 1048576K
}
Event: 30529.350 GC heap before
{Heap before GC invocations=175 (full 36):
 PSYoungGen      total 137728K, used 132470K [0x00000007aab00000, 0x00000007b3e00000, 0x00000007c0000000)
  eden space 125952K, 100% used [0x00000007aab00000,0x00000007b2600000,0x00000007b2600000)
  from space 11776K, 55% used [0x00000007b3100000,0x00000007b375db80,0x00000007b3c80000)
  to   space 11264K, 0% used [0x00000007b2600000,0x00000007b2600000,0x00000007b3100000)
 ParOldGen       total 97792K, used 47698K [0x0000000780000000, 0x0000000785f80000, 0x00000007aab00000)
  object space 97792K, 48% used [0x0000000780000000,0x0000000782e94968,0x0000000785f80000)
 Metaspace       used 71549K, capacity 77890K, committed 78208K, reserved 1118208K
  class space    used 9202K, capacity 9881K, committed 10112K, reserved 1048576K
Event: 30529.354 GC heap after
Heap after GC invocations=175 (full 36):
 PSYoungGen      total 129024K, used 6646K [0x00000007aab00000, 0x00000007b3880000, 0x00000007c0000000)
  eden space 122368K, 0% used [0x00000007aab00000,0x00000007aab00000,0x00000007b2280000)
  from space 6656K, 99% used [0x00000007b2600000,0x00000007b2c7d878,0x00000007b2c80000)
  to   space 11264K, 0% used [0x00000007b2d80000,0x00000007b2d80000,0x00000007b3880000)
 ParOldGen       total 97792K, used 47706K [0x0000000780000000, 0x0000000785f80000, 0x00000007aab00000)
  object space 97792K, 48% used [0x0000000780000000,0x0000000782e96968,0x0000000785f80000)
 Metaspace       used 71549K, capacity 77890K, committed 78208K, reserved 1118208K
  class space    used 9202K, capacity 9881K, committed 10112K, reserved 1048576K
}
Event: 30529.849 GC heap before
{Heap before GC invocations=176 (full 36):
 PSYoungGen      total 129024K, used 129014K [0x00000007aab00000, 0x00000007b3880000, 0x00000007c0000000)
  eden space 122368K, 100% used [0x00000007aab00000,0x00000007b2280000,0x00000007b2280000)
  from space 6656K, 99% used [0x00000007b2600000,0x00000007b2c7d878,0x00000007b2c80000)
  to   space 11264K, 0% used [0x00000007b2d80000,0x00000007b2d80000,0x00000007b3880000)
 ParOldGen       total 97792K, used 47706K [0x0000000780000000, 0x0000000785f80000, 0x00000007aab00000)
  object space 97792K, 48% used [0x0000000780000000,0x0000000782e96968,0x0000000785f80000)
 Metaspace       used 71585K, capacity 77978K, committed 78208K, reserved 1118208K
  class space    used 9210K, capacity 9889K, committed 10112K, reserved 1048576K
Event: 30529.854 GC heap after
Heap after GC invocations=176 (full 36):
 PSYoungGen      total 125952K, used 6806K [0x00000007aab00000, 0x00000007b3480000, 0x00000007c0000000)
  eden space 118784K, 0% used [0x00000007aab00000,0x00000007aab00000,0x00000007b1f00000)
  from space 7168K, 94% used [0x00000007b2d80000,0x00000007b34259b8,0x00000007b3480000)
  to   space 10752K, 0% used [0x00000007b1f80000,0x00000007b1f80000,0x00000007b2a00000)
 ParOldGen       total 97792K, used 47706K [0x0000000780000000, 0x0000000785f80000, 0x00000007aab00000)
  object space 97792K, 48% used [0x0000000780000000,0x0000000782e96968,0x0000000785f80000)
 Metaspace       used 71585K, capacity 77978K, committed 78208K, reserved 1118208K
  class space    used 9210K, capacity 9889K, committed 10112K, reserved 1048576K
}
Event: 30533.080 GC heap before
{Heap before GC invocations=177 (full 36):
 PSYoungGen      total 125952K, used 125590K [0x00000007aab00000, 0x00000007b3480000, 0x00000007c0000000)
  eden space 118784K, 100% used [0x00000007aab00000,0x00000007b1f00000,0x00000007b1f00000)
  from space 7168K, 94% used [0x00000007b2d80000,0x00000007b34259b8,0x00000007b3480000)
  to   space 10752K, 0% used [0x00000007b1f80000,0x00000007b1f80000,0x00000007b2a00000)
 ParOldGen       total 97792K, used 47706K [0x0000000780000000, 0x0000000785f80000, 0x00000007aab00000)
  object space 97792K, 48% used [0x0000000780000000,0x0000000782e96968,0x0000000785f80000)
 Metaspace       used 71603K, capacity 78042K, committed 78464K, reserved 1118208K
  class space    used 9210K, capacity 9889K, committed 10112K, reserved 1048576K

